<?xml version="1.0" encoding="UTF-8"?>
<testng-results skipped="0" failed="0" ignored="0" total="1" passed="1">
  <reporter-output>
  </reporter-output>
  <suite name="Command line suite" duration-ms="2666" started-at="2020-06-13T02:18:53Z" finished-at="2020-06-13T02:18:55Z">
    <groups>
    </groups>
    <test name="Command line test" duration-ms="2666" started-at="2020-06-13T02:18:53Z" finished-at="2020-06-13T02:18:55Z">
      <class name="hello.test">
        <test-method status="PASS" signature="hello()[pri:0, instance:hello.test@47c62251]" name="hello" duration-ms="2601" started-at="2020-06-13T02:18:53Z" finished-at="2020-06-13T02:18:55Z">
          <reporter-output>
          </reporter-output>
        </test-method> <!-- hello -->
      </class> <!-- hello.test -->
    </test> <!-- Command line test -->
  </suite> <!-- Command line suite -->
</testng-results>
